[debug] [2023-07-05T12:25:01.305Z] ----------------------------------------------------------------------
[debug] [2023-07-05T12:25:01.306Z] Command:       C:\Program Files\nodejs\node.exe C:\Users\gabyk\AppData\Roaming\npm\node_modules\firebase-tools\lib\bin\firebase.js deploy
[debug] [2023-07-05T12:25:01.306Z] CLI Version:   12.4.2
[debug] [2023-07-05T12:25:01.307Z] Platform:      win32
[debug] [2023-07-05T12:25:01.307Z] Node Version:  v18.16.1
[debug] [2023-07-05T12:25:01.307Z] Time:          Wed Jul 05 2023 15:25:01 GMT+0300 (Israel Daylight Time)
[debug] [2023-07-05T12:25:01.308Z] ----------------------------------------------------------------------
[debug] 
[debug] [2023-07-05T12:25:01.310Z] >>> [apiv2][query] GET https://firebase-public.firebaseio.com/cli.json [none]
[debug] [2023-07-05T12:25:01.382Z] > command requires scopes: ["email","openid","https://www.googleapis.com/auth/cloudplatformprojects.readonly","https://www.googleapis.com/auth/firebase","https://www.googleapis.com/auth/cloud-platform"]
[debug] [2023-07-05T12:25:01.382Z] > authorizing via signed-in user (gabyk800@gmail.com)
[debug] [2023-07-05T12:25:01.382Z] [iam] checking project svelte-linktree for permissions ["firebase.projects.get","firebasehosting.sites.update"]
[debug] [2023-07-05T12:25:01.383Z] > refreshing access token with scopes: []
[debug] [2023-07-05T12:25:01.383Z] >>> [apiv2][query] POST https://www.googleapis.com/oauth2/v3/token [none]
[debug] [2023-07-05T12:25:01.384Z] >>> [apiv2][body] POST https://www.googleapis.com/oauth2/v3/token [omitted]
[debug] [2023-07-05T12:25:01.567Z] <<< [apiv2][status] POST https://www.googleapis.com/oauth2/v3/token 200
[debug] [2023-07-05T12:25:01.568Z] <<< [apiv2][body] POST https://www.googleapis.com/oauth2/v3/token [omitted]
[debug] [2023-07-05T12:25:01.573Z] >>> [apiv2][query] POST https://cloudresourcemanager.googleapis.com/v1/projects/svelte-linktree:testIamPermissions [none]
[debug] [2023-07-05T12:25:01.574Z] >>> [apiv2][(partial)header] POST https://cloudresourcemanager.googleapis.com/v1/projects/svelte-linktree:testIamPermissions x-goog-quota-user=projects/svelte-linktree
[debug] [2023-07-05T12:25:01.574Z] >>> [apiv2][body] POST https://cloudresourcemanager.googleapis.com/v1/projects/svelte-linktree:testIamPermissions {"permissions":["firebase.projects.get","firebasehosting.sites.update"]}
[debug] [2023-07-05T12:25:01.763Z] <<< [apiv2][status] GET https://firebase-public.firebaseio.com/cli.json 200
[debug] [2023-07-05T12:25:01.763Z] <<< [apiv2][body] GET https://firebase-public.firebaseio.com/cli.json {"cloudBuildErrorAfter":1594252800000,"cloudBuildWarnAfter":1590019200000,"defaultNode10After":1594252800000,"minVersion":"3.0.5","node8DeploysDisabledAfter":1613390400000,"node8RuntimeDisabledAfter":1615809600000,"node8WarnAfter":1600128000000}
